Using pre-set license

 COMMAND LINE ARGUMENTS:
/Applications/Unity/Unity.app/Contents/MacOS/Unity
-adb2
-batchMode
-noUpm
-name
AssetImportWorker0
-projectPath
/Users/always_happyending/Programming/UnityPractice/CUBIC MUSIC
-logFile
Logs/AssetImportWorker0.log
-srvPort
50538
Successfully changed project path to: /Users/always_happyending/Programming/UnityPractice/CUBIC MUSIC
/Users/always_happyending/Programming/UnityPractice/CUBIC MUSIC
Using Asset Import Pipeline V2.
Refreshing native plugins compatible for Editor in 50.61 ms, found 2 plugins.
Preloading 0 native plugins for Editor in 0.00 ms.
Initialize engine version: 2020.3.10f1 (297d780c91bc)
[Subsystems] Discovering subsystems at path /Applications/Unity/Unity.app/Contents/Resources/UnitySubsystems
[Subsystems] Discovering subsystems at path /Users/always_happyending/Programming/UnityPractice/CUBIC MUSIC/Assets
GfxDevice: creating device client; threaded=0
2021-06-09 10:20:12.264 Unity[5886:200119] (null) preferred device: Apple M1 (high power)
2021-06-09 10:20:12.264 Unity[5886:200119] Metal devices available: 1
2021-06-09 10:20:12.264 Unity[5886:200119] 0: Apple M1 (high power)
2021-06-09 10:20:12.265 Unity[5886:200119] Using device Apple M1 (high power)
Initializing Metal device caps: Apple M1
Initialize mono
Mono path[0] = '/Applications/Unity/Unity.app/Contents/Managed'
Mono path[1] = '/Applications/Unity/Unity.app/Contents/MonoBleedingEdge/lib/mono/unityjit'
Mono config path = '/Applications/Unity/Unity.app/Contents/MonoBleedingEdge/etc'
Using monoOptions --debugger-agent=transport=dt_socket,embedding=1,server=y,suspend=n,address=127.0.0.1:56886
Begin MonoManager ReloadAssembly
Registering precompiled unity dll's ...
Register platform support module: /Applications/Unity/Unity.app/Contents/PlaybackEngines/MacStandaloneSupport/UnityEditor.OSXStandalone.Extensions.dll
Register platform support module: /Applications/Unity/PlaybackEngines/WindowsStandaloneSupport/UnityEditor.WindowsStandalone.Extensions.dll
Registered in 0.001236 seconds.
Native extension for WindowsStandalone target not found
Native extension for OSXStandalone target not found
Refreshing native plugins compatible for Editor in 28.64 ms, found 2 plugins.
Preloading 0 native plugins for Editor in 0.00 ms.
Mono: successfully reloaded assembly
- Completed reload, in  2.012 seconds
Platform modules already initialized, skipping
Registering precompiled user dll's ...
Registered in 0.002641 seconds.
Begin MonoManager ReloadAssembly
Native extension for WindowsStandalone target not found
Native extension for OSXStandalone target not found
Refreshing native plugins compatible for Editor in 0.29 ms, found 2 plugins.
Preloading 0 native plugins for Editor in 0.00 ms.
Mono: successfully reloaded assembly
- Completed reload, in  2.120 seconds
Platform modules already initialized, skipping
========================================================================
Worker process is ready to serve import requests
Launching external process: /Applications/Unity/Unity.app/Contents/Tools/UnityShaderCompiler
Launched and connected shader compiler UnityShaderCompiler after 0.03 seconds
Refreshing native plugins compatible for Editor in 0.30 ms, found 2 plugins.
Preloading 0 native plugins for Editor in 0.00 ms.
Unloading 1430 Unused Serialized files (Serialized files now loaded: 0)
System memory in use before: 135.0 MB.
System memory in use after: 135.1 MB.

Unloading 18 unused Assets to reduce memory usage. Loaded Objects now: 1864.
Total: 1.612542 ms (FindLiveObjects: 0.166000 ms CreateObjectMapping: 0.029250 ms MarkObjects: 1.336292 ms  DeleteObjects: 0.080000 ms)

========================================================================
Received Import Request.
  path: Assets/Scripts/Controller/PlayerController.cs
  artifactKey: Guid(072c37bbe980b47fe9db959cc3443189) Importer(815301076,1909f56bfc062723c751e8b465ee728b)
Start importing Assets/Scripts/Controller/PlayerController.cs using Guid(072c37bbe980b47fe9db959cc3443189) Importer(815301076,1909f56bfc062723c751e8b465ee728b)  -> (artifact id: 'ae37654761214a281b5ab359a28b3940') in 1.784301 seconds
  Import took 1.786908 seconds .

========================================================================
Received Import Request.
  Time since last request: 289.009483 seconds.
  path: Assets/Materials
  artifactKey: Guid(115d0d7fb550e4628b060838c8965dd4) Importer(815301076,1909f56bfc062723c751e8b465ee728b)
Start importing Assets/Materials using Guid(115d0d7fb550e4628b060838c8965dd4) Importer(815301076,1909f56bfc062723c751e8b465ee728b)  -> (artifact id: '07f40f505ae7860bd16bc1b31bdb7de2') in 0.003086 seconds
  Import took 0.011312 seconds .

========================================================================
Received Import Request.
  Time since last request: 200.656361 seconds.
  path: Assets/Scripts/Controller
  artifactKey: Guid(f7c3f930226254509ae5748950a693d2) Importer(815301076,1909f56bfc062723c751e8b465ee728b)
Start importing Assets/Scripts/Controller using Guid(f7c3f930226254509ae5748950a693d2) Importer(815301076,1909f56bfc062723c751e8b465ee728b)  -> (artifact id: '1f228e2b486b65f0e595e8665bfea3da') in 0.003062 seconds
  Import took 0.017315 seconds .

========================================================================
Received Import Request.
  Time since last request: 17.450519 seconds.
  path: Assets/Scripts/Controller/CmaraController.cs
  artifactKey: Guid(edba16960631b48deb4bf762211f82ae) Importer(815301076,1909f56bfc062723c751e8b465ee728b)
Start importing Assets/Scripts/Controller/CmaraController.cs using Guid(edba16960631b48deb4bf762211f82ae) Importer(815301076,1909f56bfc062723c751e8b465ee728b)  -> (artifact id: 'f9e4b1a133704512af80fd24eb09d5f2') in 0.004697 seconds
  Import took 0.006811 seconds .

========================================================================
Received Prepare
Registering precompiled user dll's ...
Registered in 0.002109 seconds.
Begin MonoManager ReloadAssembly
Native extension for WindowsStandalone target not found
Native extension for OSXStandalone target not found
Refreshing native plugins compatible for Editor in 0.34 ms, found 2 plugins.
Preloading 0 native plugins for Editor in 0.00 ms.
Mono: successfully reloaded assembly
- Completed reload, in  2.310 seconds
Platform modules already initialized, skipping
Switching build target platform(2) subTarget(0) extendedPlatform(0) -> platform(9) subTarget(16777218) extendedPlatform(0)
Refreshing native plugins compatible for Editor in 0.28 ms, found 2 plugins.
Preloading 0 native plugins for Editor in 0.00 ms.
Unloading 1429 Unused Serialized files (Serialized files now loaded: 0)
System memory in use before: 139.2 MB.
System memory in use after: 139.3 MB.

Unloading 13 unused Assets to reduce memory usage. Loaded Objects now: 1868.
Total: 2.543417 ms (FindLiveObjects: 0.317417 ms CreateObjectMapping: 0.028209 ms MarkObjects: 2.173417 ms  DeleteObjects: 0.023375 ms)

AssetImportParameters requested are different than current active one (requested -> active):
  custom:graphics/normal-map-encoding: 01000000000000000000000000000000 -> 02000000000000000000000000000000
========================================================================
Received Import Request.
  Time since last request: 12.941932 seconds.
  path: Assets/Scripts/Controller/CamaraController.cs
  artifactKey: Guid(edba16960631b48deb4bf762211f82ae) Importer(815301076,1909f56bfc062723c751e8b465ee728b)
Start importing Assets/Scripts/Controller/CamaraController.cs using Guid(edba16960631b48deb4bf762211f82ae) Importer(815301076,1909f56bfc062723c751e8b465ee728b)  -> (artifact id: '27e62c3a7b7bebec7b98c243a50c49f5') in 0.018799 seconds
  Import took 0.026581 seconds .

========================================================================
Received Prepare
Registering precompiled user dll's ...
Registered in 0.002157 seconds.
Begin MonoManager ReloadAssembly
Native extension for WindowsStandalone target not found
Native extension for OSXStandalone target not found
Refreshing native plugins compatible for Editor in 0.29 ms, found 2 plugins.
Preloading 0 native plugins for Editor in 0.00 ms.
Mono: successfully reloaded assembly
- Completed reload, in  2.122 seconds
Platform modules already initialized, skipping
Switching build target platform(2) subTarget(0) extendedPlatform(0) -> platform(9) subTarget(16777218) extendedPlatform(0)
Refreshing native plugins compatible for Editor in 0.20 ms, found 2 plugins.
Preloading 0 native plugins for Editor in 0.00 ms.
Unloading 1429 Unused Serialized files (Serialized files now loaded: 0)
System memory in use before: 139.5 MB.
System memory in use after: 139.6 MB.

Unloading 13 unused Assets to reduce memory usage. Loaded Objects now: 1871.
Total: 1.238125 ms (FindLiveObjects: 0.102709 ms CreateObjectMapping: 0.026292 ms MarkObjects: 1.088458 ms  DeleteObjects: 0.019792 ms)

AssetImportParameters requested are different than current active one (requested -> active):
  custom:graphics/normal-map-encoding: 01000000000000000000000000000000 -> 02000000000000000000000000000000
========================================================================
Received Import Request.
  Time since last request: 221.939899 seconds.
  path: Assets/Scripts/Controller/CamaraController.cs
  artifactKey: Guid(edba16960631b48deb4bf762211f82ae) Importer(815301076,1909f56bfc062723c751e8b465ee728b)
Start importing Assets/Scripts/Controller/CamaraController.cs using Guid(edba16960631b48deb4bf762211f82ae) Importer(815301076,1909f56bfc062723c751e8b465ee728b)  -> (artifact id: '511e5f3e1080f9593fda93cf09f61f25') in 0.047157 seconds
  Import took 0.061547 seconds .

========================================================================
Received Prepare
Registering precompiled user dll's ...
Registered in 0.002134 seconds.
Begin MonoManager ReloadAssembly
Native extension for WindowsStandalone target not found
Native extension for OSXStandalone target not found
Refreshing native plugins compatible for Editor in 0.28 ms, found 2 plugins.
Preloading 0 native plugins for Editor in 0.00 ms.
Mono: successfully reloaded assembly
- Completed reload, in  2.031 seconds
Platform modules already initialized, skipping
Switching build target platform(2) subTarget(0) extendedPlatform(0) -> platform(9) subTarget(16777218) extendedPlatform(0)
Refreshing native plugins compatible for Editor in 0.28 ms, found 2 plugins.
Preloading 0 native plugins for Editor in 0.00 ms.
Unloading 1429 Unused Serialized files (Serialized files now loaded: 0)
System memory in use before: 139.7 MB.
System memory in use after: 139.8 MB.

Unloading 13 unused Assets to reduce memory usage. Loaded Objects now: 1874.
Total: 1.477834 ms (FindLiveObjects: 0.146042 ms CreateObjectMapping: 0.029125 ms MarkObjects: 1.279750 ms  DeleteObjects: 0.021917 ms)

AssetImportParameters requested are different than current active one (requested -> active):
  custom:graphics/normal-map-encoding: 01000000000000000000000000000000 -> 02000000000000000000000000000000
========================================================================
Received Import Request.
  Time since last request: 23.102614 seconds.
  path: Assets/Scripts/Controller/CamaraController.cs
  artifactKey: Guid(edba16960631b48deb4bf762211f82ae) Importer(815301076,1909f56bfc062723c751e8b465ee728b)
Start importing Assets/Scripts/Controller/CamaraController.cs using Guid(edba16960631b48deb4bf762211f82ae) Importer(815301076,1909f56bfc062723c751e8b465ee728b)  -> (artifact id: '82857bb35ffae01e2bfd40db42370599') in 0.006853 seconds
  Import took 0.008609 seconds .

========================================================================
Received Import Request.
  Time since last request: 0.004794 seconds.
  path: Assets/Scripts/Controller/CamaraController.cs
  artifactKey: Guid(edba16960631b48deb4bf762211f82ae) Importer(815301076,1909f56bfc062723c751e8b465ee728b)
Start importing Assets/Scripts/Controller/CamaraController.cs using Guid(edba16960631b48deb4bf762211f82ae) Importer(815301076,1909f56bfc062723c751e8b465ee728b)  -> (artifact id: '82857bb35ffae01e2bfd40db42370599') in 0.001761 seconds
  Import took 0.003389 seconds .

========================================================================
Received Prepare
Registering precompiled user dll's ...
Registered in 0.002019 seconds.
Begin MonoManager ReloadAssembly
Native extension for WindowsStandalone target not found
Native extension for OSXStandalone target not found
Refreshing native plugins compatible for Editor in 0.28 ms, found 2 plugins.
Preloading 0 native plugins for Editor in 0.00 ms.
Mono: successfully reloaded assembly
- Completed reload, in  2.119 seconds
Platform modules already initialized, skipping
Switching build target platform(2) subTarget(0) extendedPlatform(0) -> platform(9) subTarget(16777218) extendedPlatform(0)
Refreshing native plugins compatible for Editor in 0.27 ms, found 2 plugins.
Preloading 0 native plugins for Editor in 0.00 ms.
Unloading 1429 Unused Serialized files (Serialized files now loaded: 0)
System memory in use before: 139.9 MB.
System memory in use after: 140.0 MB.

Unloading 13 unused Assets to reduce memory usage. Loaded Objects now: 1877.
Total: 2.122250 ms (FindLiveObjects: 0.306792 ms CreateObjectMapping: 0.027958 ms MarkObjects: 1.765833 ms  DeleteObjects: 0.020750 ms)

AssetImportParameters requested are different than current active one (requested -> active):
  custom:graphics/normal-map-encoding: 01000000000000000000000000000000 -> 02000000000000000000000000000000
========================================================================
Received Prepare
Registering precompiled user dll's ...
Registered in 0.002134 seconds.
Begin MonoManager ReloadAssembly
Native extension for WindowsStandalone target not found
Native extension for OSXStandalone target not found
Refreshing native plugins compatible for Editor in 0.27 ms, found 2 plugins.
Preloading 0 native plugins for Editor in 0.00 ms.
Mono: successfully reloaded assembly
- Completed reload, in  2.059 seconds
Platform modules already initialized, skipping
Switching build target platform(2) subTarget(0) extendedPlatform(0) -> platform(9) subTarget(16777218) extendedPlatform(0)
Refreshing native plugins compatible for Editor in 0.23 ms, found 2 plugins.
Preloading 0 native plugins for Editor in 0.00 ms.
Unloading 1429 Unused Serialized files (Serialized files now loaded: 0)
System memory in use before: 140.1 MB.
System memory in use after: 140.2 MB.

Unloading 13 unused Assets to reduce memory usage. Loaded Objects now: 1880.
Total: 1.456584 ms (FindLiveObjects: 0.184584 ms CreateObjectMapping: 0.032917 ms MarkObjects: 1.211916 ms  DeleteObjects: 0.026458 ms)

AssetImportParameters requested are different than current active one (requested -> active):
  custom:graphics/normal-map-encoding: 01000000000000000000000000000000 -> 02000000000000000000000000000000
========================================================================
Received Prepare
Registering precompiled user dll's ...
Registered in 0.005294 seconds.
Begin MonoManager ReloadAssembly
Native extension for WindowsStandalone target not found
Native extension for OSXStandalone target not found
Refreshing native plugins compatible for Editor in 0.28 ms, found 2 plugins.
Preloading 0 native plugins for Editor in 0.00 ms.
Mono: successfully reloaded assembly
- Completed reload, in  1.955 seconds
Platform modules already initialized, skipping
Switching build target platform(2) subTarget(0) extendedPlatform(0) -> platform(9) subTarget(16777218) extendedPlatform(0)
Refreshing native plugins compatible for Editor in 0.21 ms, found 2 plugins.
Preloading 0 native plugins for Editor in 0.00 ms.
Unloading 1429 Unused Serialized files (Serialized files now loaded: 0)
System memory in use before: 140.3 MB.
System memory in use after: 140.4 MB.

Unloading 13 unused Assets to reduce memory usage. Loaded Objects now: 1883.
Total: 1.220000 ms (FindLiveObjects: 0.110042 ms CreateObjectMapping: 0.026709 ms MarkObjects: 1.063917 ms  DeleteObjects: 0.018250 ms)

AssetImportParameters requested are different than current active one (requested -> active):
  custom:graphics/normal-map-encoding: 01000000000000000000000000000000 -> 02000000000000000000000000000000
========================================================================
Received Import Request.
  Time since last request: 3860.933122 seconds.
  path: Assets/Prefabs/Plate
  artifactKey: Guid(8778d3bb5eb3542bca26473c55510b48) Importer(815301076,1909f56bfc062723c751e8b465ee728b)
Start importing Assets/Prefabs/Plate using Guid(8778d3bb5eb3542bca26473c55510b48) Importer(815301076,1909f56bfc062723c751e8b465ee728b)  -> (artifact id: '5c98e3111575adfef880611c1cb74dd1') in 0.019014 seconds
  Import took 0.026788 seconds .

========================================================================
Received Import Request.
  Time since last request: 12.056587 seconds.
  path: Assets/Prefabs/Plate/BasicPlate.prefab
  artifactKey: Guid(f3b53aeea46d04ef0aedc47910b460ab) Importer(815301076,1909f56bfc062723c751e8b465ee728b)
Start importing Assets/Prefabs/Plate/BasicPlate.prefab using Guid(f3b53aeea46d04ef0aedc47910b460ab) Importer(815301076,1909f56bfc062723c751e8b465ee728b)  -> (artifact id: 'eb841032eda3a905e32ec8397dbc728f') in 1.321789 seconds
  Import took 1.324092 seconds .

========================================================================
Received Prepare
Registering precompiled user dll's ...
Registered in 0.002167 seconds.
Begin MonoManager ReloadAssembly
Native extension for WindowsStandalone target not found
Native extension for OSXStandalone target not found
Refreshing native plugins compatible for Editor in 0.28 ms, found 2 plugins.
Preloading 0 native plugins for Editor in 0.00 ms.
Mono: successfully reloaded assembly
- Completed reload, in  1.990 seconds
Platform modules already initialized, skipping
Switching build target platform(2) subTarget(0) extendedPlatform(0) -> platform(9) subTarget(16777218) extendedPlatform(0)
Refreshing native plugins compatible for Editor in 0.27 ms, found 2 plugins.
Preloading 0 native plugins for Editor in 0.00 ms.
Unloading 1429 Unused Serialized files (Serialized files now loaded: 0)
System memory in use before: 148.5 MB.
System memory in use after: 148.6 MB.

Unloading 13 unused Assets to reduce memory usage. Loaded Objects now: 1894.
Total: 2.222833 ms (FindLiveObjects: 0.272834 ms CreateObjectMapping: 0.026875 ms MarkObjects: 1.901000 ms  DeleteObjects: 0.021250 ms)

AssetImportParameters requested are different than current active one (requested -> active):
  custom:graphics/normal-map-encoding: 01000000000000000000000000000000 -> 02000000000000000000000000000000
